
   INFO  Server running on [http://127.0.0.1:8000].

  Press Ctrl+C to stop the server

  2026-04-01 02:01:32 /admin/login ............................... ~ 500.45ms
  2026-04-01 02:01:33 /assets/panel/css/styles.css ................. ~ 0.14ms
  2026-04-01 02:01:33 /assets/panel/js/scripts.js .................. ~ 0.33ms
  2026-04-01 02:01:34 /assets/panel/assets/fonts/metropolis/Metropolis-Regular.otf  ~ 0.14ms
  2026-04-01 02:01:34 /assets/panel/assets/fonts/metropolis/Metropolis-Light.otf  ~ 0.21ms
  2026-04-01 02:01:35 /admin/login ................................. ~ 0.14ms
  2026-04-01 02:01:35 /admin/login ................................. ~ 0.03ms
  2026-04-01 02:01:35 /assets/panel/css/styles.css ................. ~ 0.03ms
  2026-04-01 02:01:35 /assets/panel/js/scripts.js .................. ~ 0.03ms
  2026-04-01 02:01:35 /assets/panel/assets/fonts/metropolis/Metropolis-Light.otf  ~ 0.06ms
  2026-04-01 02:01:35 /assets/panel/assets/fonts/metropolis/Metropolis-Regular.otf  ~ 0.11ms
  2026-04-01 02:02:12 /admin/login ................................. ~ 0.13ms
  2026-04-01 02:02:12 /assets/panel/js/scripts.js .................. ~ 0.11ms
  2026-04-01 02:02:12 /assets/panel/css/styles.css ................. ~ 0.49ms
  2026-04-01 02:02:13 /assets/panel/assets/fonts/metropolis/Metropolis-Light.otf  ~ 0.19ms
  2026-04-01 02:02:13 /assets/panel/assets/fonts/metropolis/Metropolis-Regular.otf  ~ 0.26ms
  2026-04-01 02:03:00 /admin/login ................................. ~ 0.12ms
  2026-04-01 02:03:00 /assets/panel/js/scripts.js .................. ~ 0.04ms
  2026-04-01 02:03:00 /assets/panel/css/styles.css ................. ~ 0.53ms
  2026-04-01 02:03:00 /assets/panel/assets/fonts/metropolis/Metropolis-Light.otf  ~ 0.13ms
  2026-04-01 02:03:00 /assets/panel/assets/fonts/metropolis/Metropolis-Regular.otf  ~ 0.28ms
  2026-04-01 02:03:01 /admin/login ................................. ~ 0.17ms
  2026-04-01 02:03:01 /admin/login ................................. ~ 0.03ms
  2026-04-01 02:03:01 /assets/panel/css/styles.css ................. ~ 0.05ms
  2026-04-01 02:03:01 /assets/panel/js/scripts.js .................. ~ 0.24ms
  2026-04-01 02:03:02 /assets/panel/assets/fonts/metropolis/Metropolis-Light.otf  ~ 0.05ms
  2026-04-01 02:03:02 /assets/panel/assets/fonts/metropolis/Metropolis-Regular.otf  ~ 0.10ms
  2026-04-01 02:03:21 /admin/login ................................. ~ 0.11ms
  2026-04-01 02:03:21 /assets/panel/css/styles.css ................. ~ 0.06ms
  2026-04-01 02:03:21 /assets/panel/js/scripts.js .................. ~ 0.20ms
  2026-04-01 02:03:22 /assets/panel/assets/fonts/metropolis/Metropolis-Light.otf  ~ 0.08ms
  2026-04-01 02:03:22 /assets/panel/assets/fonts/metropolis/Metropolis-Regular.otf  ~ 0.15ms
  2026-04-01 02:03:25 /admin/login ................................. ~ 0.11ms
  2026-04-01 02:03:25 /admin/login ................................. ~ 0.03ms
  2026-04-01 02:03:25 /assets/panel/css/styles.css ................. ~ 0.03ms
  2026-04-01 02:03:25 /assets/panel/js/scripts.js .................. ~ 0.04ms
  2026-04-01 02:03:25 /assets/panel/assets/fonts/metropolis/Metropolis-Light.otf  ~ 0.06ms
  2026-04-01 02:03:25 /assets/panel/assets/fonts/metropolis/Metropolis-Regular.otf  ~ 0.11ms
